00:06:16.487 [pool-1-thread-1] INFO  com.ruoyi.framework.shiro.web.session.OnlineWebSessionManager - invalidation sessions...
00:06:17.460 [pool-1-thread-1] DEBUG com.ruoyi.project.monitor.online.mapper.UserOnlineMapper.selectOnlineByExpired - ==>  Preparing: SELECT * FROM sys_user_online o WHERE o.last_access_time <= ? ORDER BY o.last_access_time ASC 
00:06:17.477 [pool-1-thread-1] DEBUG com.ruoyi.project.monitor.online.mapper.UserOnlineMapper.selectOnlineByExpired - ==> Parameters: 2018-11-25 23:36:17(String)
00:06:17.478 [pool-1-thread-1] DEBUG com.ruoyi.project.monitor.online.mapper.UserOnlineMapper.selectOnlineByExpired - <==      Total: 0
00:06:17.478 [pool-1-thread-1] INFO  com.ruoyi.framework.shiro.web.session.OnlineWebSessionManager - Finished invalidation session. No sessions were stopped.
00:16:16.495 [pool-1-thread-1] INFO  com.ruoyi.framework.shiro.web.session.OnlineWebSessionManager - invalidation sessions...
00:16:16.523 [pool-1-thread-1] DEBUG com.ruoyi.project.monitor.online.mapper.UserOnlineMapper.selectOnlineByExpired - ==>  Preparing: SELECT * FROM sys_user_online o WHERE o.last_access_time <= ? ORDER BY o.last_access_time ASC 
00:16:16.532 [pool-1-thread-1] DEBUG com.ruoyi.project.monitor.online.mapper.UserOnlineMapper.selectOnlineByExpired - ==> Parameters: 2018-11-25 23:46:16(String)
00:16:16.534 [pool-1-thread-1] DEBUG com.ruoyi.project.monitor.online.mapper.UserOnlineMapper.selectOnlineByExpired - <==      Total: 0
00:16:16.549 [pool-1-thread-1] INFO  com.ruoyi.framework.shiro.web.session.OnlineWebSessionManager - Finished invalidation session. No sessions were stopped.
00:26:16.504 [pool-1-thread-1] INFO  com.ruoyi.framework.shiro.web.session.OnlineWebSessionManager - invalidation sessions...
00:26:16.537 [pool-1-thread-1] DEBUG com.ruoyi.project.monitor.online.mapper.UserOnlineMapper.selectOnlineByExpired - ==>  Preparing: SELECT * FROM sys_user_online o WHERE o.last_access_time <= ? ORDER BY o.last_access_time ASC 
00:26:16.547 [pool-1-thread-1] DEBUG com.ruoyi.project.monitor.online.mapper.UserOnlineMapper.selectOnlineByExpired - ==> Parameters: 2018-11-25 23:56:16(String)
00:26:16.549 [pool-1-thread-1] DEBUG com.ruoyi.project.monitor.online.mapper.UserOnlineMapper.selectOnlineByExpired - <==      Total: 0
00:26:16.549 [pool-1-thread-1] INFO  com.ruoyi.framework.shiro.web.session.OnlineWebSessionManager - Finished invalidation session. No sessions were stopped.
00:36:16.513 [pool-1-thread-1] INFO  com.ruoyi.framework.shiro.web.session.OnlineWebSessionManager - invalidation sessions...
00:36:16.538 [pool-1-thread-1] DEBUG com.ruoyi.project.monitor.online.mapper.UserOnlineMapper.selectOnlineByExpired - ==>  Preparing: SELECT * FROM sys_user_online o WHERE o.last_access_time <= ? ORDER BY o.last_access_time ASC 
00:36:16.540 [pool-1-thread-1] DEBUG com.ruoyi.project.monitor.online.mapper.UserOnlineMapper.selectOnlineByExpired - ==> Parameters: 2018-11-26 00:06:16(String)
00:36:16.548 [pool-1-thread-1] DEBUG com.ruoyi.project.monitor.online.mapper.UserOnlineMapper.selectOnlineByExpired - <==      Total: 0
00:36:16.550 [pool-1-thread-1] INFO  com.ruoyi.framework.shiro.web.session.OnlineWebSessionManager - Finished invalidation session. No sessions were stopped.
00:46:16.521 [pool-1-thread-1] INFO  com.ruoyi.framework.shiro.web.session.OnlineWebSessionManager - invalidation sessions...
00:46:16.552 [pool-1-thread-1] DEBUG com.ruoyi.project.monitor.online.mapper.UserOnlineMapper.selectOnlineByExpired - ==>  Preparing: SELECT * FROM sys_user_online o WHERE o.last_access_time <= ? ORDER BY o.last_access_time ASC 
00:46:16.554 [pool-1-thread-1] DEBUG com.ruoyi.project.monitor.online.mapper.UserOnlineMapper.selectOnlineByExpired - ==> Parameters: 2018-11-26 00:16:16(String)
00:46:16.556 [pool-1-thread-1] DEBUG com.ruoyi.project.monitor.online.mapper.UserOnlineMapper.selectOnlineByExpired - <==      Total: 0
00:46:16.557 [pool-1-thread-1] INFO  com.ruoyi.framework.shiro.web.session.OnlineWebSessionManager - Finished invalidation session. No sessions were stopped.
00:56:16.530 [pool-1-thread-1] INFO  com.ruoyi.framework.shiro.web.session.OnlineWebSessionManager - invalidation sessions...
00:56:16.562 [pool-1-thread-1] DEBUG com.ruoyi.project.monitor.online.mapper.UserOnlineMapper.selectOnlineByExpired - ==>  Preparing: SELECT * FROM sys_user_online o WHERE o.last_access_time <= ? ORDER BY o.last_access_time ASC 
00:56:16.570 [pool-1-thread-1] DEBUG com.ruoyi.project.monitor.online.mapper.UserOnlineMapper.selectOnlineByExpired - ==> Parameters: 2018-11-26 00:26:16(String)
00:56:16.572 [pool-1-thread-1] DEBUG com.ruoyi.project.monitor.online.mapper.UserOnlineMapper.selectOnlineByExpired - <==      Total: 0
00:56:16.574 [pool-1-thread-1] INFO  com.ruoyi.framework.shiro.web.session.OnlineWebSessionManager - Finished invalidation session. No sessions were stopped.
01:06:18.793 [pool-1-thread-1] INFO  com.ruoyi.framework.shiro.web.session.OnlineWebSessionManager - invalidation sessions...
01:06:18.830 [pool-1-thread-1] DEBUG com.ruoyi.project.monitor.online.mapper.UserOnlineMapper.selectOnlineByExpired - ==>  Preparing: SELECT * FROM sys_user_online o WHERE o.last_access_time <= ? ORDER BY o.last_access_time ASC 
01:06:18.831 [pool-1-thread-1] DEBUG com.ruoyi.project.monitor.online.mapper.UserOnlineMapper.selectOnlineByExpired - ==> Parameters: 2018-11-26 00:36:18(String)
01:06:18.833 [pool-1-thread-1] DEBUG com.ruoyi.project.monitor.online.mapper.UserOnlineMapper.selectOnlineByExpired - <==      Total: 0
01:06:18.835 [pool-1-thread-1] INFO  com.ruoyi.framework.shiro.web.session.OnlineWebSessionManager - Finished invalidation session. No sessions were stopped.
01:16:18.801 [pool-1-thread-1] INFO  com.ruoyi.framework.shiro.web.session.OnlineWebSessionManager - invalidation sessions...
01:16:18.826 [pool-1-thread-1] DEBUG com.ruoyi.project.monitor.online.mapper.UserOnlineMapper.selectOnlineByExpired - ==>  Preparing: SELECT * FROM sys_user_online o WHERE o.last_access_time <= ? ORDER BY o.last_access_time ASC 
01:16:18.834 [pool-1-thread-1] DEBUG com.ruoyi.project.monitor.online.mapper.UserOnlineMapper.selectOnlineByExpired - ==> Parameters: 2018-11-26 00:46:18(String)
01:16:18.837 [pool-1-thread-1] DEBUG com.ruoyi.project.monitor.online.mapper.UserOnlineMapper.selectOnlineByExpired - <==      Total: 0
01:16:18.838 [pool-1-thread-1] INFO  com.ruoyi.framework.shiro.web.session.OnlineWebSessionManager - Finished invalidation session. No sessions were stopped.
01:26:18.810 [pool-1-thread-1] INFO  com.ruoyi.framework.shiro.web.session.OnlineWebSessionManager - invalidation sessions...
01:26:18.839 [pool-1-thread-1] DEBUG com.ruoyi.project.monitor.online.mapper.UserOnlineMapper.selectOnlineByExpired - ==>  Preparing: SELECT * FROM sys_user_online o WHERE o.last_access_time <= ? ORDER BY o.last_access_time ASC 
01:26:18.840 [pool-1-thread-1] DEBUG com.ruoyi.project.monitor.online.mapper.UserOnlineMapper.selectOnlineByExpired - ==> Parameters: 2018-11-26 00:56:18(String)
01:26:18.842 [pool-1-thread-1] DEBUG com.ruoyi.project.monitor.online.mapper.UserOnlineMapper.selectOnlineByExpired - <==      Total: 0
01:26:18.844 [pool-1-thread-1] INFO  com.ruoyi.framework.shiro.web.session.OnlineWebSessionManager - Finished invalidation session. No sessions were stopped.
01:36:18.819 [pool-1-thread-1] INFO  com.ruoyi.framework.shiro.web.session.OnlineWebSessionManager - invalidation sessions...
01:36:18.843 [pool-1-thread-1] DEBUG com.ruoyi.project.monitor.online.mapper.UserOnlineMapper.selectOnlineByExpired - ==>  Preparing: SELECT * FROM sys_user_online o WHERE o.last_access_time <= ? ORDER BY o.last_access_time ASC 
01:36:18.843 [pool-1-thread-1] DEBUG com.ruoyi.project.monitor.online.mapper.UserOnlineMapper.selectOnlineByExpired - ==> Parameters: 2018-11-26 01:06:18(String)
01:36:18.849 [pool-1-thread-1] DEBUG com.ruoyi.project.monitor.online.mapper.UserOnlineMapper.selectOnlineByExpired - <==      Total: 0
01:36:18.849 [pool-1-thread-1] INFO  com.ruoyi.framework.shiro.web.session.OnlineWebSessionManager - Finished invalidation session. No sessions were stopped.
01:46:18.827 [pool-1-thread-1] INFO  com.ruoyi.framework.shiro.web.session.OnlineWebSessionManager - invalidation sessions...
01:46:18.840 [pool-1-thread-1] DEBUG com.ruoyi.project.monitor.online.mapper.UserOnlineMapper.selectOnlineByExpired - ==>  Preparing: SELECT * FROM sys_user_online o WHERE o.last_access_time <= ? ORDER BY o.last_access_time ASC 
01:46:18.841 [pool-1-thread-1] DEBUG com.ruoyi.project.monitor.online.mapper.UserOnlineMapper.selectOnlineByExpired - ==> Parameters: 2018-11-26 01:16:18(String)
01:46:18.841 [pool-1-thread-1] DEBUG com.ruoyi.project.monitor.online.mapper.UserOnlineMapper.selectOnlineByExpired - <==      Total: 0
01:46:18.842 [pool-1-thread-1] INFO  com.ruoyi.framework.shiro.web.session.OnlineWebSessionManager - Finished invalidation session. No sessions were stopped.
01:56:18.836 [pool-1-thread-1] INFO  com.ruoyi.framework.shiro.web.session.OnlineWebSessionManager - invalidation sessions...
01:56:18.861 [pool-1-thread-1] DEBUG com.ruoyi.project.monitor.online.mapper.UserOnlineMapper.selectOnlineByExpired - ==>  Preparing: SELECT * FROM sys_user_online o WHERE o.last_access_time <= ? ORDER BY o.last_access_time ASC 
01:56:18.869 [pool-1-thread-1] DEBUG com.ruoyi.project.monitor.online.mapper.UserOnlineMapper.selectOnlineByExpired - ==> Parameters: 2018-11-26 01:26:18(String)
01:56:18.871 [pool-1-thread-1] DEBUG com.ruoyi.project.monitor.online.mapper.UserOnlineMapper.selectOnlineByExpired - <==      Total: 0
01:56:18.872 [pool-1-thread-1] INFO  com.ruoyi.framework.shiro.web.session.OnlineWebSessionManager - Finished invalidation session. No sessions were stopped.
02:06:18.845 [pool-1-thread-1] INFO  com.ruoyi.framework.shiro.web.session.OnlineWebSessionManager - invalidation sessions...
02:06:18.858 [pool-1-thread-1] DEBUG com.ruoyi.project.monitor.online.mapper.UserOnlineMapper.selectOnlineByExpired - ==>  Preparing: SELECT * FROM sys_user_online o WHERE o.last_access_time <= ? ORDER BY o.last_access_time ASC 
02:06:18.859 [pool-1-thread-1] DEBUG com.ruoyi.project.monitor.online.mapper.UserOnlineMapper.selectOnlineByExpired - ==> Parameters: 2018-11-26 01:36:18(String)
02:06:18.861 [pool-1-thread-1] DEBUG com.ruoyi.project.monitor.online.mapper.UserOnlineMapper.selectOnlineByExpired - <==      Total: 0
02:06:18.870 [pool-1-thread-1] INFO  com.ruoyi.framework.shiro.web.session.OnlineWebSessionManager - Finished invalidation session. No sessions were stopped.
02:16:18.853 [pool-1-thread-1] INFO  com.ruoyi.framework.shiro.web.session.OnlineWebSessionManager - invalidation sessions...
02:16:18.903 [pool-1-thread-1] DEBUG com.ruoyi.project.monitor.online.mapper.UserOnlineMapper.selectOnlineByExpired - ==>  Preparing: SELECT * FROM sys_user_online o WHERE o.last_access_time <= ? ORDER BY o.last_access_time ASC 
02:16:18.904 [pool-1-thread-1] DEBUG com.ruoyi.project.monitor.online.mapper.UserOnlineMapper.selectOnlineByExpired - ==> Parameters: 2018-11-26 01:46:18(String)
02:16:18.906 [pool-1-thread-1] DEBUG com.ruoyi.project.monitor.online.mapper.UserOnlineMapper.selectOnlineByExpired - <==      Total: 0
02:16:18.907 [pool-1-thread-1] INFO  com.ruoyi.framework.shiro.web.session.OnlineWebSessionManager - Finished invalidation session. No sessions were stopped.
02:26:18.862 [pool-1-thread-1] INFO  com.ruoyi.framework.shiro.web.session.OnlineWebSessionManager - invalidation sessions...
02:26:18.901 [pool-1-thread-1] DEBUG com.ruoyi.project.monitor.online.mapper.UserOnlineMapper.selectOnlineByExpired - ==>  Preparing: SELECT * FROM sys_user_online o WHERE o.last_access_time <= ? ORDER BY o.last_access_time ASC 
02:26:18.902 [pool-1-thread-1] DEBUG com.ruoyi.project.monitor.online.mapper.UserOnlineMapper.selectOnlineByExpired - ==> Parameters: 2018-11-26 01:56:18(String)
02:26:18.904 [pool-1-thread-1] DEBUG com.ruoyi.project.monitor.online.mapper.UserOnlineMapper.selectOnlineByExpired - <==      Total: 0
02:26:18.905 [pool-1-thread-1] INFO  com.ruoyi.framework.shiro.web.session.OnlineWebSessionManager - Finished invalidation session. No sessions were stopped.
02:36:18.890 [pool-1-thread-1] INFO  com.ruoyi.framework.shiro.web.session.OnlineWebSessionManager - invalidation sessions...
02:36:18.915 [pool-1-thread-1] DEBUG com.ruoyi.project.monitor.online.mapper.UserOnlineMapper.selectOnlineByExpired - ==>  Preparing: SELECT * FROM sys_user_online o WHERE o.last_access_time <= ? ORDER BY o.last_access_time ASC 
02:36:18.917 [pool-1-thread-1] DEBUG com.ruoyi.project.monitor.online.mapper.UserOnlineMapper.selectOnlineByExpired - ==> Parameters: 2018-11-26 02:06:18(String)
02:36:18.919 [pool-1-thread-1] DEBUG com.ruoyi.project.monitor.online.mapper.UserOnlineMapper.selectOnlineByExpired - <==      Total: 0
02:36:18.920 [pool-1-thread-1] INFO  com.ruoyi.framework.shiro.web.session.OnlineWebSessionManager - Finished invalidation session. No sessions were stopped.
02:46:18.879 [pool-1-thread-1] INFO  com.ruoyi.framework.shiro.web.session.OnlineWebSessionManager - invalidation sessions...
02:46:18.903 [pool-1-thread-1] DEBUG com.ruoyi.project.monitor.online.mapper.UserOnlineMapper.selectOnlineByExpired - ==>  Preparing: SELECT * FROM sys_user_online o WHERE o.last_access_time <= ? ORDER BY o.last_access_time ASC 
02:46:18.905 [pool-1-thread-1] DEBUG com.ruoyi.project.monitor.online.mapper.UserOnlineMapper.selectOnlineByExpired - ==> Parameters: 2018-11-26 02:16:18(String)
02:46:18.906 [pool-1-thread-1] DEBUG com.ruoyi.project.monitor.online.mapper.UserOnlineMapper.selectOnlineByExpired - <==      Total: 0
02:46:18.908 [pool-1-thread-1] INFO  com.ruoyi.framework.shiro.web.session.OnlineWebSessionManager - Finished invalidation session. No sessions were stopped.
02:56:18.888 [pool-1-thread-1] INFO  com.ruoyi.framework.shiro.web.session.OnlineWebSessionManager - invalidation sessions...
02:56:18.892 [pool-1-thread-1] DEBUG com.ruoyi.project.monitor.online.mapper.UserOnlineMapper.selectOnlineByExpired - ==>  Preparing: SELECT * FROM sys_user_online o WHERE o.last_access_time <= ? ORDER BY o.last_access_time ASC 
02:56:18.893 [pool-1-thread-1] DEBUG com.ruoyi.project.monitor.online.mapper.UserOnlineMapper.selectOnlineByExpired - ==> Parameters: 2018-11-26 02:26:18(String)
02:56:18.896 [pool-1-thread-1] DEBUG com.ruoyi.project.monitor.online.mapper.UserOnlineMapper.selectOnlineByExpired - <==      Total: 0
02:56:18.897 [pool-1-thread-1] INFO  com.ruoyi.framework.shiro.web.session.OnlineWebSessionManager - Finished invalidation session. No sessions were stopped.
03:06:18.896 [pool-1-thread-1] INFO  com.ruoyi.framework.shiro.web.session.OnlineWebSessionManager - invalidation sessions...
03:06:18.900 [pool-1-thread-1] DEBUG com.ruoyi.project.monitor.online.mapper.UserOnlineMapper.selectOnlineByExpired - ==>  Preparing: SELECT * FROM sys_user_online o WHERE o.last_access_time <= ? ORDER BY o.last_access_time ASC 
03:06:18.901 [pool-1-thread-1] DEBUG com.ruoyi.project.monitor.online.mapper.UserOnlineMapper.selectOnlineByExpired - ==> Parameters: 2018-11-26 02:36:18(String)
03:06:18.915 [pool-1-thread-1] DEBUG com.ruoyi.project.monitor.online.mapper.UserOnlineMapper.selectOnlineByExpired - <==      Total: 0
03:06:18.916 [pool-1-thread-1] INFO  com.ruoyi.framework.shiro.web.session.OnlineWebSessionManager - Finished invalidation session. No sessions were stopped.
03:16:18.905 [pool-1-thread-1] INFO  com.ruoyi.framework.shiro.web.session.OnlineWebSessionManager - invalidation sessions...
03:16:18.922 [pool-1-thread-1] DEBUG com.ruoyi.project.monitor.online.mapper.UserOnlineMapper.selectOnlineByExpired - ==>  Preparing: SELECT * FROM sys_user_online o WHERE o.last_access_time <= ? ORDER BY o.last_access_time ASC 
03:16:18.923 [pool-1-thread-1] DEBUG com.ruoyi.project.monitor.online.mapper.UserOnlineMapper.selectOnlineByExpired - ==> Parameters: 2018-11-26 02:46:18(String)
03:16:18.925 [pool-1-thread-1] DEBUG com.ruoyi.project.monitor.online.mapper.UserOnlineMapper.selectOnlineByExpired - <==      Total: 0
03:16:18.927 [pool-1-thread-1] INFO  com.ruoyi.framework.shiro.web.session.OnlineWebSessionManager - Finished invalidation session. No sessions were stopped.
03:26:18.914 [pool-1-thread-1] INFO  com.ruoyi.framework.shiro.web.session.OnlineWebSessionManager - invalidation sessions...
03:26:18.932 [pool-1-thread-1] DEBUG com.ruoyi.project.monitor.online.mapper.UserOnlineMapper.selectOnlineByExpired - ==>  Preparing: SELECT * FROM sys_user_online o WHERE o.last_access_time <= ? ORDER BY o.last_access_time ASC 
03:26:18.934 [pool-1-thread-1] DEBUG com.ruoyi.project.monitor.online.mapper.UserOnlineMapper.selectOnlineByExpired - ==> Parameters: 2018-11-26 02:56:18(String)
03:26:18.945 [pool-1-thread-1] DEBUG com.ruoyi.project.monitor.online.mapper.UserOnlineMapper.selectOnlineByExpired - <==      Total: 0
03:26:18.947 [pool-1-thread-1] INFO  com.ruoyi.framework.shiro.web.session.OnlineWebSessionManager - Finished invalidation session. No sessions were stopped.
03:36:18.923 [pool-1-thread-1] INFO  com.ruoyi.framework.shiro.web.session.OnlineWebSessionManager - invalidation sessions...
03:36:18.948 [pool-1-thread-1] DEBUG com.ruoyi.project.monitor.online.mapper.UserOnlineMapper.selectOnlineByExpired - ==>  Preparing: SELECT * FROM sys_user_online o WHERE o.last_access_time <= ? ORDER BY o.last_access_time ASC 
03:36:18.949 [pool-1-thread-1] DEBUG com.ruoyi.project.monitor.online.mapper.UserOnlineMapper.selectOnlineByExpired - ==> Parameters: 2018-11-26 03:06:18(String)
03:36:18.951 [pool-1-thread-1] DEBUG com.ruoyi.project.monitor.online.mapper.UserOnlineMapper.selectOnlineByExpired - <==      Total: 0
03:36:18.952 [pool-1-thread-1] INFO  com.ruoyi.framework.shiro.web.session.OnlineWebSessionManager - Finished invalidation session. No sessions were stopped.
03:46:18.931 [pool-1-thread-1] INFO  com.ruoyi.framework.shiro.web.session.OnlineWebSessionManager - invalidation sessions...
03:46:18.954 [pool-1-thread-1] DEBUG com.ruoyi.project.monitor.online.mapper.UserOnlineMapper.selectOnlineByExpired - ==>  Preparing: SELECT * FROM sys_user_online o WHERE o.last_access_time <= ? ORDER BY o.last_access_time ASC 
03:46:18.956 [pool-1-thread-1] DEBUG com.ruoyi.project.monitor.online.mapper.UserOnlineMapper.selectOnlineByExpired - ==> Parameters: 2018-11-26 03:16:18(String)
03:46:18.958 [pool-1-thread-1] DEBUG com.ruoyi.project.monitor.online.mapper.UserOnlineMapper.selectOnlineByExpired - <==      Total: 0
03:46:18.964 [pool-1-thread-1] INFO  com.ruoyi.framework.shiro.web.session.OnlineWebSessionManager - Finished invalidation session. No sessions were stopped.
03:56:18.940 [pool-1-thread-1] INFO  com.ruoyi.framework.shiro.web.session.OnlineWebSessionManager - invalidation sessions...
03:56:18.957 [pool-1-thread-1] DEBUG com.ruoyi.project.monitor.online.mapper.UserOnlineMapper.selectOnlineByExpired - ==>  Preparing: SELECT * FROM sys_user_online o WHERE o.last_access_time <= ? ORDER BY o.last_access_time ASC 
03:56:18.958 [pool-1-thread-1] DEBUG com.ruoyi.project.monitor.online.mapper.UserOnlineMapper.selectOnlineByExpired - ==> Parameters: 2018-11-26 03:26:18(String)
03:56:18.961 [pool-1-thread-1] DEBUG com.ruoyi.project.monitor.online.mapper.UserOnlineMapper.selectOnlineByExpired - <==      Total: 0
03:56:18.962 [pool-1-thread-1] INFO  com.ruoyi.framework.shiro.web.session.OnlineWebSessionManager - Finished invalidation session. No sessions were stopped.
04:06:18.948 [pool-1-thread-1] INFO  com.ruoyi.framework.shiro.web.session.OnlineWebSessionManager - invalidation sessions...
04:06:18.963 [pool-1-thread-1] DEBUG com.ruoyi.project.monitor.online.mapper.UserOnlineMapper.selectOnlineByExpired - ==>  Preparing: SELECT * FROM sys_user_online o WHERE o.last_access_time <= ? ORDER BY o.last_access_time ASC 
04:06:18.964 [pool-1-thread-1] DEBUG com.ruoyi.project.monitor.online.mapper.UserOnlineMapper.selectOnlineByExpired - ==> Parameters: 2018-11-26 03:36:18(String)
04:06:18.966 [pool-1-thread-1] DEBUG com.ruoyi.project.monitor.online.mapper.UserOnlineMapper.selectOnlineByExpired - <==      Total: 0
04:06:18.968 [pool-1-thread-1] INFO  com.ruoyi.framework.shiro.web.session.OnlineWebSessionManager - Finished invalidation session. No sessions were stopped.
04:16:18.957 [pool-1-thread-1] INFO  com.ruoyi.framework.shiro.web.session.OnlineWebSessionManager - invalidation sessions...
04:16:19.044 [pool-1-thread-1] DEBUG com.ruoyi.project.monitor.online.mapper.UserOnlineMapper.selectOnlineByExpired - ==>  Preparing: SELECT * FROM sys_user_online o WHERE o.last_access_time <= ? ORDER BY o.last_access_time ASC 
04:16:19.045 [pool-1-thread-1] DEBUG com.ruoyi.project.monitor.online.mapper.UserOnlineMapper.selectOnlineByExpired - ==> Parameters: 2018-11-26 03:46:19(String)
04:16:19.047 [pool-1-thread-1] DEBUG com.ruoyi.project.monitor.online.mapper.UserOnlineMapper.selectOnlineByExpired - <==      Total: 0
04:16:19.049 [pool-1-thread-1] INFO  com.ruoyi.framework.shiro.web.session.OnlineWebSessionManager - Finished invalidation session. No sessions were stopped.
04:26:18.966 [pool-1-thread-1] INFO  com.ruoyi.framework.shiro.web.session.OnlineWebSessionManager - invalidation sessions...
04:26:18.993 [pool-1-thread-1] DEBUG com.ruoyi.project.monitor.online.mapper.UserOnlineMapper.selectOnlineByExpired - ==>  Preparing: SELECT * FROM sys_user_online o WHERE o.last_access_time <= ? ORDER BY o.last_access_time ASC 
04:26:18.994 [pool-1-thread-1] DEBUG com.ruoyi.project.monitor.online.mapper.UserOnlineMapper.selectOnlineByExpired - ==> Parameters: 2018-11-26 03:56:18(String)
04:26:18.996 [pool-1-thread-1] DEBUG com.ruoyi.project.monitor.online.mapper.UserOnlineMapper.selectOnlineByExpired - <==      Total: 0
04:26:18.998 [pool-1-thread-1] INFO  com.ruoyi.framework.shiro.web.session.OnlineWebSessionManager - Finished invalidation session. No sessions were stopped.
04:36:18.974 [pool-1-thread-1] INFO  com.ruoyi.framework.shiro.web.session.OnlineWebSessionManager - invalidation sessions...
04:36:18.999 [pool-1-thread-1] DEBUG com.ruoyi.project.monitor.online.mapper.UserOnlineMapper.selectOnlineByExpired - ==>  Preparing: SELECT * FROM sys_user_online o WHERE o.last_access_time <= ? ORDER BY o.last_access_time ASC 
04:36:19.000 [pool-1-thread-1] DEBUG com.ruoyi.project.monitor.online.mapper.UserOnlineMapper.selectOnlineByExpired - ==> Parameters: 2018-11-26 04:06:18(String)
04:36:19.012 [pool-1-thread-1] DEBUG com.ruoyi.project.monitor.online.mapper.UserOnlineMapper.selectOnlineByExpired - <==      Total: 0
04:36:19.013 [pool-1-thread-1] INFO  com.ruoyi.framework.shiro.web.session.OnlineWebSessionManager - Finished invalidation session. No sessions were stopped.
04:46:18.983 [pool-1-thread-1] INFO  com.ruoyi.framework.shiro.web.session.OnlineWebSessionManager - invalidation sessions...
04:46:19.034 [pool-1-thread-1] DEBUG com.ruoyi.project.monitor.online.mapper.UserOnlineMapper.selectOnlineByExpired - ==>  Preparing: SELECT * FROM sys_user_online o WHERE o.last_access_time <= ? ORDER BY o.last_access_time ASC 
04:46:19.035 [pool-1-thread-1] DEBUG com.ruoyi.project.monitor.online.mapper.UserOnlineMapper.selectOnlineByExpired - ==> Parameters: 2018-11-26 04:16:18(String)
04:46:19.045 [pool-1-thread-1] DEBUG com.ruoyi.project.monitor.online.mapper.UserOnlineMapper.selectOnlineByExpired - <==      Total: 0
04:46:19.047 [pool-1-thread-1] INFO  com.ruoyi.framework.shiro.web.session.OnlineWebSessionManager - Finished invalidation session. No sessions were stopped.
04:56:18.992 [pool-1-thread-1] INFO  com.ruoyi.framework.shiro.web.session.OnlineWebSessionManager - invalidation sessions...
04:56:19.016 [pool-1-thread-1] DEBUG com.ruoyi.project.monitor.online.mapper.UserOnlineMapper.selectOnlineByExpired - ==>  Preparing: SELECT * FROM sys_user_online o WHERE o.last_access_time <= ? ORDER BY o.last_access_time ASC 
04:56:19.017 [pool-1-thread-1] DEBUG com.ruoyi.project.monitor.online.mapper.UserOnlineMapper.selectOnlineByExpired - ==> Parameters: 2018-11-26 04:26:18(String)
04:56:19.019 [pool-1-thread-1] DEBUG com.ruoyi.project.monitor.online.mapper.UserOnlineMapper.selectOnlineByExpired - <==      Total: 0
04:56:19.021 [pool-1-thread-1] INFO  com.ruoyi.framework.shiro.web.session.OnlineWebSessionManager - Finished invalidation session. No sessions were stopped.
05:06:19.000 [pool-1-thread-1] INFO  com.ruoyi.framework.shiro.web.session.OnlineWebSessionManager - invalidation sessions...
05:06:19.032 [pool-1-thread-1] DEBUG com.ruoyi.project.monitor.online.mapper.UserOnlineMapper.selectOnlineByExpired - ==>  Preparing: SELECT * FROM sys_user_online o WHERE o.last_access_time <= ? ORDER BY o.last_access_time ASC 
05:06:19.034 [pool-1-thread-1] DEBUG com.ruoyi.project.monitor.online.mapper.UserOnlineMapper.selectOnlineByExpired - ==> Parameters: 2018-11-26 04:36:19(String)
05:06:19.045 [pool-1-thread-1] DEBUG com.ruoyi.project.monitor.online.mapper.UserOnlineMapper.selectOnlineByExpired - <==      Total: 0
05:06:19.046 [pool-1-thread-1] INFO  com.ruoyi.framework.shiro.web.session.OnlineWebSessionManager - Finished invalidation session. No sessions were stopped.
05:16:19.009 [pool-1-thread-1] INFO  com.ruoyi.framework.shiro.web.session.OnlineWebSessionManager - invalidation sessions...
05:16:19.031 [pool-1-thread-1] DEBUG com.ruoyi.project.monitor.online.mapper.UserOnlineMapper.selectOnlineByExpired - ==>  Preparing: SELECT * FROM sys_user_online o WHERE o.last_access_time <= ? ORDER BY o.last_access_time ASC 
05:16:19.033 [pool-1-thread-1] DEBUG com.ruoyi.project.monitor.online.mapper.UserOnlineMapper.selectOnlineByExpired - ==> Parameters: 2018-11-26 04:46:19(String)
05:16:19.047 [pool-1-thread-1] DEBUG com.ruoyi.project.monitor.online.mapper.UserOnlineMapper.selectOnlineByExpired - <==      Total: 0
05:16:19.048 [pool-1-thread-1] INFO  com.ruoyi.framework.shiro.web.session.OnlineWebSessionManager - Finished invalidation session. No sessions were stopped.
05:26:19.018 [pool-1-thread-1] INFO  com.ruoyi.framework.shiro.web.session.OnlineWebSessionManager - invalidation sessions...
05:26:19.059 [pool-1-thread-1] DEBUG com.ruoyi.project.monitor.online.mapper.UserOnlineMapper.selectOnlineByExpired - ==>  Preparing: SELECT * FROM sys_user_online o WHERE o.last_access_time <= ? ORDER BY o.last_access_time ASC 
05:26:19.061 [pool-1-thread-1] DEBUG com.ruoyi.project.monitor.online.mapper.UserOnlineMapper.selectOnlineByExpired - ==> Parameters: 2018-11-26 04:56:19(String)
05:26:19.067 [pool-1-thread-1] DEBUG com.ruoyi.project.monitor.online.mapper.UserOnlineMapper.selectOnlineByExpired - <==      Total: 0
05:26:19.068 [pool-1-thread-1] INFO  com.ruoyi.framework.shiro.web.session.OnlineWebSessionManager - Finished invalidation session. No sessions were stopped.
05:36:19.026 [pool-1-thread-1] INFO  com.ruoyi.framework.shiro.web.session.OnlineWebSessionManager - invalidation sessions...
05:36:19.050 [pool-1-thread-1] DEBUG com.ruoyi.project.monitor.online.mapper.UserOnlineMapper.selectOnlineByExpired - ==>  Preparing: SELECT * FROM sys_user_online o WHERE o.last_access_time <= ? ORDER BY o.last_access_time ASC 
05:36:19.052 [pool-1-thread-1] DEBUG com.ruoyi.project.monitor.online.mapper.UserOnlineMapper.selectOnlineByExpired - ==> Parameters: 2018-11-26 05:06:19(String)
05:36:19.056 [pool-1-thread-1] DEBUG com.ruoyi.project.monitor.online.mapper.UserOnlineMapper.selectOnlineByExpired - <==      Total: 0
05:36:19.058 [pool-1-thread-1] INFO  com.ruoyi.framework.shiro.web.session.OnlineWebSessionManager - Finished invalidation session. No sessions were stopped.
05:46:19.035 [pool-1-thread-1] INFO  com.ruoyi.framework.shiro.web.session.OnlineWebSessionManager - invalidation sessions...
05:46:19.077 [pool-1-thread-1] DEBUG com.ruoyi.project.monitor.online.mapper.UserOnlineMapper.selectOnlineByExpired - ==>  Preparing: SELECT * FROM sys_user_online o WHERE o.last_access_time <= ? ORDER BY o.last_access_time ASC 
05:46:19.083 [pool-1-thread-1] DEBUG com.ruoyi.project.monitor.online.mapper.UserOnlineMapper.selectOnlineByExpired - ==> Parameters: 2018-11-26 05:16:19(String)
05:46:19.092 [pool-1-thread-1] DEBUG com.ruoyi.project.monitor.online.mapper.UserOnlineMapper.selectOnlineByExpired - <==      Total: 0
05:46:19.094 [pool-1-thread-1] INFO  com.ruoyi.framework.shiro.web.session.OnlineWebSessionManager - Finished invalidation session. No sessions were stopped.
05:56:19.044 [pool-1-thread-1] INFO  com.ruoyi.framework.shiro.web.session.OnlineWebSessionManager - invalidation sessions...
05:56:19.064 [pool-1-thread-1] DEBUG com.ruoyi.project.monitor.online.mapper.UserOnlineMapper.selectOnlineByExpired - ==>  Preparing: SELECT * FROM sys_user_online o WHERE o.last_access_time <= ? ORDER BY o.last_access_time ASC 
05:56:19.065 [pool-1-thread-1] DEBUG com.ruoyi.project.monitor.online.mapper.UserOnlineMapper.selectOnlineByExpired - ==> Parameters: 2018-11-26 05:26:19(String)
05:56:19.068 [pool-1-thread-1] DEBUG com.ruoyi.project.monitor.online.mapper.UserOnlineMapper.selectOnlineByExpired - <==      Total: 0
05:56:19.069 [pool-1-thread-1] INFO  com.ruoyi.framework.shiro.web.session.OnlineWebSessionManager - Finished invalidation session. No sessions were stopped.
06:06:19.052 [pool-1-thread-1] INFO  com.ruoyi.framework.shiro.web.session.OnlineWebSessionManager - invalidation sessions...
06:06:19.063 [pool-1-thread-1] DEBUG com.ruoyi.project.monitor.online.mapper.UserOnlineMapper.selectOnlineByExpired - ==>  Preparing: SELECT * FROM sys_user_online o WHERE o.last_access_time <= ? ORDER BY o.last_access_time ASC 
06:06:19.064 [pool-1-thread-1] DEBUG com.ruoyi.project.monitor.online.mapper.UserOnlineMapper.selectOnlineByExpired - ==> Parameters: 2018-11-26 05:36:19(String)
06:06:19.075 [pool-1-thread-1] DEBUG com.ruoyi.project.monitor.online.mapper.UserOnlineMapper.selectOnlineByExpired - <==      Total: 0
06:06:19.079 [pool-1-thread-1] INFO  com.ruoyi.framework.shiro.web.session.OnlineWebSessionManager - Finished invalidation session. No sessions were stopped.
06:16:19.081 [pool-1-thread-1] INFO  com.ruoyi.framework.shiro.web.session.OnlineWebSessionManager - invalidation sessions...
06:16:19.091 [pool-1-thread-1] DEBUG com.ruoyi.project.monitor.online.mapper.UserOnlineMapper.selectOnlineByExpired - ==>  Preparing: SELECT * FROM sys_user_online o WHERE o.last_access_time <= ? ORDER BY o.last_access_time ASC 
06:16:19.093 [pool-1-thread-1] DEBUG com.ruoyi.project.monitor.online.mapper.UserOnlineMapper.selectOnlineByExpired - ==> Parameters: 2018-11-26 05:46:19(String)
06:16:19.095 [pool-1-thread-1] DEBUG com.ruoyi.project.monitor.online.mapper.UserOnlineMapper.selectOnlineByExpired - <==      Total: 0
06:16:19.098 [pool-1-thread-1] INFO  com.ruoyi.framework.shiro.web.session.OnlineWebSessionManager - Finished invalidation session. No sessions were stopped.
06:26:19.070 [pool-1-thread-1] INFO  com.ruoyi.framework.shiro.web.session.OnlineWebSessionManager - invalidation sessions...
06:26:19.088 [pool-1-thread-1] DEBUG com.ruoyi.project.monitor.online.mapper.UserOnlineMapper.selectOnlineByExpired - ==>  Preparing: SELECT * FROM sys_user_online o WHERE o.last_access_time <= ? ORDER BY o.last_access_time ASC 
06:26:19.089 [pool-1-thread-1] DEBUG com.ruoyi.project.monitor.online.mapper.UserOnlineMapper.selectOnlineByExpired - ==> Parameters: 2018-11-26 05:56:19(String)
06:26:19.092 [pool-1-thread-1] DEBUG com.ruoyi.project.monitor.online.mapper.UserOnlineMapper.selectOnlineByExpired - <==      Total: 0
06:26:19.093 [pool-1-thread-1] INFO  com.ruoyi.framework.shiro.web.session.OnlineWebSessionManager - Finished invalidation session. No sessions were stopped.
06:36:19.078 [pool-1-thread-1] INFO  com.ruoyi.framework.shiro.web.session.OnlineWebSessionManager - invalidation sessions...
06:36:19.108 [pool-1-thread-1] DEBUG com.ruoyi.project.monitor.online.mapper.UserOnlineMapper.selectOnlineByExpired - ==>  Preparing: SELECT * FROM sys_user_online o WHERE o.last_access_time <= ? ORDER BY o.last_access_time ASC 
06:36:19.109 [pool-1-thread-1] DEBUG com.ruoyi.project.monitor.online.mapper.UserOnlineMapper.selectOnlineByExpired - ==> Parameters: 2018-11-26 06:06:19(String)
06:36:19.123 [pool-1-thread-1] DEBUG com.ruoyi.project.monitor.online.mapper.UserOnlineMapper.selectOnlineByExpired - <==      Total: 0
06:36:19.125 [pool-1-thread-1] INFO  com.ruoyi.framework.shiro.web.session.OnlineWebSessionManager - Finished invalidation session. No sessions were stopped.
06:46:19.106 [pool-1-thread-1] INFO  com.ruoyi.framework.shiro.web.session.OnlineWebSessionManager - invalidation sessions...
06:46:19.110 [pool-1-thread-1] DEBUG com.ruoyi.project.monitor.online.mapper.UserOnlineMapper.selectOnlineByExpired - ==>  Preparing: SELECT * FROM sys_user_online o WHERE o.last_access_time <= ? ORDER BY o.last_access_time ASC 
06:46:19.111 [pool-1-thread-1] DEBUG com.ruoyi.project.monitor.online.mapper.UserOnlineMapper.selectOnlineByExpired - ==> Parameters: 2018-11-26 06:16:19(String)
06:46:19.113 [pool-1-thread-1] DEBUG com.ruoyi.project.monitor.online.mapper.UserOnlineMapper.selectOnlineByExpired - <==      Total: 0
06:46:19.114 [pool-1-thread-1] INFO  com.ruoyi.framework.shiro.web.session.OnlineWebSessionManager - Finished invalidation session. No sessions were stopped.
06:56:19.095 [pool-1-thread-1] INFO  com.ruoyi.framework.shiro.web.session.OnlineWebSessionManager - invalidation sessions...
06:56:19.144 [pool-1-thread-1] DEBUG com.ruoyi.project.monitor.online.mapper.UserOnlineMapper.selectOnlineByExpired - ==>  Preparing: SELECT * FROM sys_user_online o WHERE o.last_access_time <= ? ORDER BY o.last_access_time ASC 
06:56:19.145 [pool-1-thread-1] DEBUG com.ruoyi.project.monitor.online.mapper.UserOnlineMapper.selectOnlineByExpired - ==> Parameters: 2018-11-26 06:26:19(String)
06:56:19.147 [pool-1-thread-1] DEBUG com.ruoyi.project.monitor.online.mapper.UserOnlineMapper.selectOnlineByExpired - <==      Total: 0
06:56:19.156 [pool-1-thread-1] INFO  com.ruoyi.framework.shiro.web.session.OnlineWebSessionManager - Finished invalidation session. No sessions were stopped.
07:06:19.104 [pool-1-thread-1] INFO  com.ruoyi.framework.shiro.web.session.OnlineWebSessionManager - invalidation sessions...
07:06:19.127 [pool-1-thread-1] DEBUG com.ruoyi.project.monitor.online.mapper.UserOnlineMapper.selectOnlineByExpired - ==>  Preparing: SELECT * FROM sys_user_online o WHERE o.last_access_time <= ? ORDER BY o.last_access_time ASC 
07:06:19.128 [pool-1-thread-1] DEBUG com.ruoyi.project.monitor.online.mapper.UserOnlineMapper.selectOnlineByExpired - ==> Parameters: 2018-11-26 06:36:19(String)
07:06:19.133 [pool-1-thread-1] DEBUG com.ruoyi.project.monitor.online.mapper.UserOnlineMapper.selectOnlineByExpired - <==      Total: 0
07:06:19.134 [pool-1-thread-1] INFO  com.ruoyi.framework.shiro.web.session.OnlineWebSessionManager - Finished invalidation session. No sessions were stopped.
07:16:19.113 [pool-1-thread-1] INFO  com.ruoyi.framework.shiro.web.session.OnlineWebSessionManager - invalidation sessions...
07:16:19.146 [pool-1-thread-1] DEBUG com.ruoyi.project.monitor.online.mapper.UserOnlineMapper.selectOnlineByExpired - ==>  Preparing: SELECT * FROM sys_user_online o WHERE o.last_access_time <= ? ORDER BY o.last_access_time ASC 
07:16:19.146 [pool-1-thread-1] DEBUG com.ruoyi.project.monitor.online.mapper.UserOnlineMapper.selectOnlineByExpired - ==> Parameters: 2018-11-26 06:46:19(String)
07:16:19.148 [pool-1-thread-1] DEBUG com.ruoyi.project.monitor.online.mapper.UserOnlineMapper.selectOnlineByExpired - <==      Total: 0
07:16:19.157 [pool-1-thread-1] INFO  com.ruoyi.framework.shiro.web.session.OnlineWebSessionManager - Finished invalidation session. No sessions were stopped.
07:26:19.122 [pool-1-thread-1] INFO  com.ruoyi.framework.shiro.web.session.OnlineWebSessionManager - invalidation sessions...
07:26:19.137 [pool-1-thread-1] DEBUG com.ruoyi.project.monitor.online.mapper.UserOnlineMapper.selectOnlineByExpired - ==>  Preparing: SELECT * FROM sys_user_online o WHERE o.last_access_time <= ? ORDER BY o.last_access_time ASC 
07:26:19.143 [pool-1-thread-1] DEBUG com.ruoyi.project.monitor.online.mapper.UserOnlineMapper.selectOnlineByExpired - ==> Parameters: 2018-11-26 06:56:19(String)
07:26:19.144 [pool-1-thread-1] DEBUG com.ruoyi.project.monitor.online.mapper.UserOnlineMapper.selectOnlineByExpired - <==      Total: 0
07:26:19.144 [pool-1-thread-1] INFO  com.ruoyi.framework.shiro.web.session.OnlineWebSessionManager - Finished invalidation session. No sessions were stopped.
07:36:19.145 [pool-1-thread-1] INFO  com.ruoyi.framework.shiro.web.session.OnlineWebSessionManager - invalidation sessions...
07:36:19.159 [pool-1-thread-1] DEBUG com.ruoyi.project.monitor.online.mapper.UserOnlineMapper.selectOnlineByExpired - ==>  Preparing: SELECT * FROM sys_user_online o WHERE o.last_access_time <= ? ORDER BY o.last_access_time ASC 
07:36:19.161 [pool-1-thread-1] DEBUG com.ruoyi.project.monitor.online.mapper.UserOnlineMapper.selectOnlineByExpired - ==> Parameters: 2018-11-26 07:06:19(String)
07:36:19.163 [pool-1-thread-1] DEBUG com.ruoyi.project.monitor.online.mapper.UserOnlineMapper.selectOnlineByExpired - <==      Total: 0
07:36:19.164 [pool-1-thread-1] INFO  com.ruoyi.framework.shiro.web.session.OnlineWebSessionManager - Finished invalidation session. No sessions were stopped.
07:46:19.139 [pool-1-thread-1] INFO  com.ruoyi.framework.shiro.web.session.OnlineWebSessionManager - invalidation sessions...
07:46:19.161 [pool-1-thread-1] DEBUG com.ruoyi.project.monitor.online.mapper.UserOnlineMapper.selectOnlineByExpired - ==>  Preparing: SELECT * FROM sys_user_online o WHERE o.last_access_time <= ? ORDER BY o.last_access_time ASC 
07:46:19.162 [pool-1-thread-1] DEBUG com.ruoyi.project.monitor.online.mapper.UserOnlineMapper.selectOnlineByExpired - ==> Parameters: 2018-11-26 07:16:19(String)
07:46:19.164 [pool-1-thread-1] DEBUG com.ruoyi.project.monitor.online.mapper.UserOnlineMapper.selectOnlineByExpired - <==      Total: 0
07:46:19.165 [pool-1-thread-1] INFO  com.ruoyi.framework.shiro.web.session.OnlineWebSessionManager - Finished invalidation session. No sessions were stopped.
07:56:19.148 [pool-1-thread-1] INFO  com.ruoyi.framework.shiro.web.session.OnlineWebSessionManager - invalidation sessions...
07:56:19.178 [pool-1-thread-1] DEBUG com.ruoyi.project.monitor.online.mapper.UserOnlineMapper.selectOnlineByExpired - ==>  Preparing: SELECT * FROM sys_user_online o WHERE o.last_access_time <= ? ORDER BY o.last_access_time ASC 
07:56:19.188 [pool-1-thread-1] DEBUG com.ruoyi.project.monitor.online.mapper.UserOnlineMapper.selectOnlineByExpired - ==> Parameters: 2018-11-26 07:26:19(String)
07:56:19.190 [pool-1-thread-1] DEBUG com.ruoyi.project.monitor.online.mapper.UserOnlineMapper.selectOnlineByExpired - <==      Total: 0
07:56:19.191 [pool-1-thread-1] INFO  com.ruoyi.framework.shiro.web.session.OnlineWebSessionManager - Finished invalidation session. No sessions were stopped.
08:06:19.156 [pool-1-thread-1] INFO  com.ruoyi.framework.shiro.web.session.OnlineWebSessionManager - invalidation sessions...
08:06:19.172 [pool-1-thread-1] DEBUG com.ruoyi.project.monitor.online.mapper.UserOnlineMapper.selectOnlineByExpired - ==>  Preparing: SELECT * FROM sys_user_online o WHERE o.last_access_time <= ? ORDER BY o.last_access_time ASC 
08:06:19.174 [pool-1-thread-1] DEBUG com.ruoyi.project.monitor.online.mapper.UserOnlineMapper.selectOnlineByExpired - ==> Parameters: 2018-11-26 07:36:19(String)
08:06:19.191 [pool-1-thread-1] DEBUG com.ruoyi.project.monitor.online.mapper.UserOnlineMapper.selectOnlineByExpired - <==      Total: 0
08:06:19.193 [pool-1-thread-1] INFO  com.ruoyi.framework.shiro.web.session.OnlineWebSessionManager - Finished invalidation session. No sessions were stopped.
08:16:19.185 [pool-1-thread-1] INFO  com.ruoyi.framework.shiro.web.session.OnlineWebSessionManager - invalidation sessions...
08:16:19.199 [pool-1-thread-1] DEBUG com.ruoyi.project.monitor.online.mapper.UserOnlineMapper.selectOnlineByExpired - ==>  Preparing: SELECT * FROM sys_user_online o WHERE o.last_access_time <= ? ORDER BY o.last_access_time ASC 
08:16:19.200 [pool-1-thread-1] DEBUG com.ruoyi.project.monitor.online.mapper.UserOnlineMapper.selectOnlineByExpired - ==> Parameters: 2018-11-26 07:46:19(String)
08:16:19.209 [pool-1-thread-1] DEBUG com.ruoyi.project.monitor.online.mapper.UserOnlineMapper.selectOnlineByExpired - <==      Total: 0
08:16:19.210 [pool-1-thread-1] INFO  com.ruoyi.framework.shiro.web.session.OnlineWebSessionManager - Finished invalidation session. No sessions were stopped.
08:26:19.173 [pool-1-thread-1] INFO  com.ruoyi.framework.shiro.web.session.OnlineWebSessionManager - invalidation sessions...
08:26:19.202 [pool-1-thread-1] DEBUG com.ruoyi.project.monitor.online.mapper.UserOnlineMapper.selectOnlineByExpired - ==>  Preparing: SELECT * FROM sys_user_online o WHERE o.last_access_time <= ? ORDER BY o.last_access_time ASC 
08:26:19.204 [pool-1-thread-1] DEBUG com.ruoyi.project.monitor.online.mapper.UserOnlineMapper.selectOnlineByExpired - ==> Parameters: 2018-11-26 07:56:19(String)
08:26:19.206 [pool-1-thread-1] DEBUG com.ruoyi.project.monitor.online.mapper.UserOnlineMapper.selectOnlineByExpired - <==      Total: 0
08:26:19.207 [pool-1-thread-1] INFO  com.ruoyi.framework.shiro.web.session.OnlineWebSessionManager - Finished invalidation session. No sessions were stopped.
08:36:19.182 [pool-1-thread-1] INFO  com.ruoyi.framework.shiro.web.session.OnlineWebSessionManager - invalidation sessions...
08:36:19.211 [pool-1-thread-1] DEBUG com.ruoyi.project.monitor.online.mapper.UserOnlineMapper.selectOnlineByExpired - ==>  Preparing: SELECT * FROM sys_user_online o WHERE o.last_access_time <= ? ORDER BY o.last_access_time ASC 
08:36:19.212 [pool-1-thread-1] DEBUG com.ruoyi.project.monitor.online.mapper.UserOnlineMapper.selectOnlineByExpired - ==> Parameters: 2018-11-26 08:06:19(String)
08:36:19.251 [pool-1-thread-1] DEBUG com.ruoyi.project.monitor.online.mapper.UserOnlineMapper.selectOnlineByExpired - <==      Total: 0
08:36:19.252 [pool-1-thread-1] INFO  com.ruoyi.framework.shiro.web.session.OnlineWebSessionManager - Finished invalidation session. No sessions were stopped.
08:46:19.191 [pool-1-thread-1] INFO  com.ruoyi.framework.shiro.web.session.OnlineWebSessionManager - invalidation sessions...
08:46:19.210 [pool-1-thread-1] DEBUG com.ruoyi.project.monitor.online.mapper.UserOnlineMapper.selectOnlineByExpired - ==>  Preparing: SELECT * FROM sys_user_online o WHERE o.last_access_time <= ? ORDER BY o.last_access_time ASC 
08:46:19.211 [pool-1-thread-1] DEBUG com.ruoyi.project.monitor.online.mapper.UserOnlineMapper.selectOnlineByExpired - ==> Parameters: 2018-11-26 08:16:19(String)
08:46:19.213 [pool-1-thread-1] DEBUG com.ruoyi.project.monitor.online.mapper.UserOnlineMapper.selectOnlineByExpired - <==      Total: 0
08:46:19.225 [pool-1-thread-1] INFO  com.ruoyi.framework.shiro.web.session.OnlineWebSessionManager - Finished invalidation session. No sessions were stopped.
08:56:19.199 [pool-1-thread-1] INFO  com.ruoyi.framework.shiro.web.session.OnlineWebSessionManager - invalidation sessions...
08:56:19.207 [pool-1-thread-1] DEBUG com.ruoyi.project.monitor.online.mapper.UserOnlineMapper.selectOnlineByExpired - ==>  Preparing: SELECT * FROM sys_user_online o WHERE o.last_access_time <= ? ORDER BY o.last_access_time ASC 
08:56:19.217 [pool-1-thread-1] DEBUG com.ruoyi.project.monitor.online.mapper.UserOnlineMapper.selectOnlineByExpired - ==> Parameters: 2018-11-26 08:26:19(String)
08:56:19.219 [pool-1-thread-1] DEBUG com.ruoyi.project.monitor.online.mapper.UserOnlineMapper.selectOnlineByExpired - <==      Total: 0
08:56:19.220 [pool-1-thread-1] INFO  com.ruoyi.framework.shiro.web.session.OnlineWebSessionManager - Finished invalidation session. No sessions were stopped.
09:06:19.208 [pool-1-thread-1] INFO  com.ruoyi.framework.shiro.web.session.OnlineWebSessionManager - invalidation sessions...
09:06:19.246 [pool-1-thread-1] DEBUG com.ruoyi.project.monitor.online.mapper.UserOnlineMapper.selectOnlineByExpired - ==>  Preparing: SELECT * FROM sys_user_online o WHERE o.last_access_time <= ? ORDER BY o.last_access_time ASC 
09:06:19.247 [pool-1-thread-1] DEBUG com.ruoyi.project.monitor.online.mapper.UserOnlineMapper.selectOnlineByExpired - ==> Parameters: 2018-11-26 08:36:19(String)
09:06:19.249 [pool-1-thread-1] DEBUG com.ruoyi.project.monitor.online.mapper.UserOnlineMapper.selectOnlineByExpired - <==      Total: 0
09:06:19.257 [pool-1-thread-1] INFO  com.ruoyi.framework.shiro.web.session.OnlineWebSessionManager - Finished invalidation session. No sessions were stopped.
09:16:19.217 [pool-1-thread-1] INFO  com.ruoyi.framework.shiro.web.session.OnlineWebSessionManager - invalidation sessions...
09:16:19.240 [pool-1-thread-1] DEBUG com.ruoyi.project.monitor.online.mapper.UserOnlineMapper.selectOnlineByExpired - ==>  Preparing: SELECT * FROM sys_user_online o WHERE o.last_access_time <= ? ORDER BY o.last_access_time ASC 
09:16:19.241 [pool-1-thread-1] DEBUG com.ruoyi.project.monitor.online.mapper.UserOnlineMapper.selectOnlineByExpired - ==> Parameters: 2018-11-26 08:46:19(String)
09:16:19.243 [pool-1-thread-1] DEBUG com.ruoyi.project.monitor.online.mapper.UserOnlineMapper.selectOnlineByExpired - <==      Total: 0
09:16:19.244 [pool-1-thread-1] INFO  com.ruoyi.framework.shiro.web.session.OnlineWebSessionManager - Finished invalidation session. No sessions were stopped.
09:26:19.225 [pool-1-thread-1] INFO  com.ruoyi.framework.shiro.web.session.OnlineWebSessionManager - invalidation sessions...
09:26:19.243 [pool-1-thread-1] DEBUG com.ruoyi.project.monitor.online.mapper.UserOnlineMapper.selectOnlineByExpired - ==>  Preparing: SELECT * FROM sys_user_online o WHERE o.last_access_time <= ? ORDER BY o.last_access_time ASC 
09:26:19.244 [pool-1-thread-1] DEBUG com.ruoyi.project.monitor.online.mapper.UserOnlineMapper.selectOnlineByExpired - ==> Parameters: 2018-11-26 08:56:19(String)
09:26:19.257 [pool-1-thread-1] DEBUG com.ruoyi.project.monitor.online.mapper.UserOnlineMapper.selectOnlineByExpired - <==      Total: 0
09:26:19.258 [pool-1-thread-1] INFO  com.ruoyi.framework.shiro.web.session.OnlineWebSessionManager - Finished invalidation session. No sessions were stopped.
09:36:19.234 [pool-1-thread-1] INFO  com.ruoyi.framework.shiro.web.session.OnlineWebSessionManager - invalidation sessions...
09:36:19.250 [pool-1-thread-1] DEBUG com.ruoyi.project.monitor.online.mapper.UserOnlineMapper.selectOnlineByExpired - ==>  Preparing: SELECT * FROM sys_user_online o WHERE o.last_access_time <= ? ORDER BY o.last_access_time ASC 
09:36:19.250 [pool-1-thread-1] DEBUG com.ruoyi.project.monitor.online.mapper.UserOnlineMapper.selectOnlineByExpired - ==> Parameters: 2018-11-26 09:06:19(String)
09:36:19.252 [pool-1-thread-1] DEBUG com.ruoyi.project.monitor.online.mapper.UserOnlineMapper.selectOnlineByExpired - <==      Total: 0
09:36:19.252 [pool-1-thread-1] INFO  com.ruoyi.framework.shiro.web.session.OnlineWebSessionManager - Finished invalidation session. No sessions were stopped.
09:46:19.243 [pool-1-thread-1] INFO  com.ruoyi.framework.shiro.web.session.OnlineWebSessionManager - invalidation sessions...
09:46:19.254 [pool-1-thread-1] DEBUG com.ruoyi.project.monitor.online.mapper.UserOnlineMapper.selectOnlineByExpired - ==>  Preparing: SELECT * FROM sys_user_online o WHERE o.last_access_time <= ? ORDER BY o.last_access_time ASC 
09:46:19.266 [pool-1-thread-1] DEBUG com.ruoyi.project.monitor.online.mapper.UserOnlineMapper.selectOnlineByExpired - ==> Parameters: 2018-11-26 09:16:19(String)
09:46:19.279 [pool-1-thread-1] DEBUG com.ruoyi.project.monitor.online.mapper.UserOnlineMapper.selectOnlineByExpired - <==      Total: 0
09:46:19.289 [pool-1-thread-1] INFO  com.ruoyi.framework.shiro.web.session.OnlineWebSessionManager - Finished invalidation session. No sessions were stopped.
09:48:23.428 [http-nio-80-exec-3] INFO  sys-user - [192.168.10.69][admin][Error][验证码错误]
09:48:24.806 [http-nio-80-exec-3] DEBUG com.ruoyi.project.monitor.logininfor.mapper.LogininforMapper.insertLogininfor - ==>  Preparing: insert into sys_logininfor (login_name, status, ipaddr, browser, os, msg, login_time) values (?, ?, ?, ?, ?, ?, sysdate()) 
09:48:25.309 [http-nio-80-exec-3] DEBUG com.ruoyi.project.monitor.logininfor.mapper.LogininforMapper.insertLogininfor - ==> Parameters: admin(String), 1(String), 192.168.10.69(String), Chrome(String), Windows 10(String), 验证码错误(String)
09:48:25.987 [http-nio-80-exec-3] DEBUG com.ruoyi.project.monitor.logininfor.mapper.LogininforMapper.insertLogininfor - <==    Updates: 1
09:48:26.374 [http-nio-80-exec-9] INFO  sys-user - [192.168.10.69][admin][Error][验证码错误]
09:48:26.937 [http-nio-80-exec-9] DEBUG com.ruoyi.project.monitor.logininfor.mapper.LogininforMapper.insertLogininfor - ==>  Preparing: insert into sys_logininfor (login_name, status, ipaddr, browser, os, msg, login_time) values (?, ?, ?, ?, ?, ?, sysdate()) 
09:48:26.988 [http-nio-80-exec-9] DEBUG com.ruoyi.project.monitor.logininfor.mapper.LogininforMapper.insertLogininfor - ==> Parameters: admin(String), 1(String), 192.168.10.69(String), Chrome(String), Windows 10(String), 验证码错误(String)
09:48:27.059 [http-nio-80-exec-9] DEBUG com.ruoyi.project.monitor.logininfor.mapper.LogininforMapper.insertLogininfor - <==    Updates: 1
09:48:35.230 [http-nio-80-exec-7] INFO  sys-user - [192.168.10.69][admin][Error][验证码错误]
09:48:35.257 [http-nio-80-exec-7] DEBUG com.ruoyi.project.monitor.logininfor.mapper.LogininforMapper.insertLogininfor - ==>  Preparing: insert into sys_logininfor (login_name, status, ipaddr, browser, os, msg, login_time) values (?, ?, ?, ?, ?, ?, sysdate()) 
09:48:35.257 [http-nio-80-exec-7] DEBUG com.ruoyi.project.monitor.logininfor.mapper.LogininforMapper.insertLogininfor - ==> Parameters: admin(String), 1(String), 192.168.10.69(String), Chrome(String), Windows 10(String), 验证码错误(String)
09:48:35.337 [http-nio-80-exec-7] DEBUG com.ruoyi.project.monitor.logininfor.mapper.LogininforMapper.insertLogininfor - <==    Updates: 1
09:48:55.300 [http-nio-80-exec-3] INFO  sys-user - [192.168.10.69][admin][Error][验证码错误]
09:48:55.318 [http-nio-80-exec-3] DEBUG com.ruoyi.project.monitor.logininfor.mapper.LogininforMapper.insertLogininfor - ==>  Preparing: insert into sys_logininfor (login_name, status, ipaddr, browser, os, msg, login_time) values (?, ?, ?, ?, ?, ?, sysdate()) 
09:48:55.324 [http-nio-80-exec-3] DEBUG com.ruoyi.project.monitor.logininfor.mapper.LogininforMapper.insertLogininfor - ==> Parameters: admin(String), 1(String), 192.168.10.69(String), Chrome(String), Windows 10(String), 验证码错误(String)
09:48:55.376 [http-nio-80-exec-3] DEBUG com.ruoyi.project.monitor.logininfor.mapper.LogininforMapper.insertLogininfor - <==    Updates: 1
09:49:01.059 [http-nio-80-exec-6] INFO  sys-user - [192.168.10.69][admin][Error][验证码错误]
09:49:01.060 [http-nio-80-exec-6] DEBUG com.ruoyi.project.monitor.logininfor.mapper.LogininforMapper.insertLogininfor - ==>  Preparing: insert into sys_logininfor (login_name, status, ipaddr, browser, os, msg, login_time) values (?, ?, ?, ?, ?, ?, sysdate()) 
09:49:01.102 [http-nio-80-exec-6] DEBUG com.ruoyi.project.monitor.logininfor.mapper.LogininforMapper.insertLogininfor - ==> Parameters: admin(String), 1(String), 192.168.10.69(String), Chrome(String), Windows 10(String), 验证码错误(String)
09:49:01.137 [http-nio-80-exec-6] DEBUG com.ruoyi.project.monitor.logininfor.mapper.LogininforMapper.insertLogininfor - <==    Updates: 1
09:49:10.606 [http-nio-80-exec-5] INFO  sys-user - [192.168.10.69][admin][Error][验证码错误]
09:49:10.651 [http-nio-80-exec-5] DEBUG com.ruoyi.project.monitor.logininfor.mapper.LogininforMapper.insertLogininfor - ==>  Preparing: insert into sys_logininfor (login_name, status, ipaddr, browser, os, msg, login_time) values (?, ?, ?, ?, ?, ?, sysdate()) 
09:49:10.653 [http-nio-80-exec-5] DEBUG com.ruoyi.project.monitor.logininfor.mapper.LogininforMapper.insertLogininfor - ==> Parameters: admin(String), 1(String), 192.168.10.69(String), Chrome(String), Windows 10(String), 验证码错误(String)
09:49:10.716 [http-nio-80-exec-5] DEBUG com.ruoyi.project.monitor.logininfor.mapper.LogininforMapper.insertLogininfor - <==    Updates: 1
09:49:18.456 [http-nio-80-exec-9] INFO  sys-user - [192.168.10.69][admin][Error][验证码错误]
09:49:18.457 [http-nio-80-exec-9] DEBUG com.ruoyi.project.monitor.logininfor.mapper.LogininforMapper.insertLogininfor - ==>  Preparing: insert into sys_logininfor (login_name, status, ipaddr, browser, os, msg, login_time) values (?, ?, ?, ?, ?, ?, sysdate()) 
09:49:18.494 [http-nio-80-exec-9] DEBUG com.ruoyi.project.monitor.logininfor.mapper.LogininforMapper.insertLogininfor - ==> Parameters: admin(String), 1(String), 192.168.10.69(String), Chrome(String), Windows 10(String), 验证码错误(String)
09:49:18.773 [http-nio-80-exec-9] DEBUG com.ruoyi.project.monitor.logininfor.mapper.LogininforMapper.insertLogininfor - <==    Updates: 1
09:49:23.468 [http-nio-80-exec-10] INFO  sys-user - [192.168.10.69][admin][Error][验证码错误]
09:49:23.576 [http-nio-80-exec-10] DEBUG com.ruoyi.project.monitor.logininfor.mapper.LogininforMapper.insertLogininfor - ==>  Preparing: insert into sys_logininfor (login_name, status, ipaddr, browser, os, msg, login_time) values (?, ?, ?, ?, ?, ?, sysdate()) 
09:49:23.597 [http-nio-80-exec-10] DEBUG com.ruoyi.project.monitor.logininfor.mapper.LogininforMapper.insertLogininfor - ==> Parameters: admin(String), 1(String), 192.168.10.69(String), Chrome(String), Windows 10(String), 验证码错误(String)
09:49:23.741 [http-nio-80-exec-10] DEBUG com.ruoyi.project.monitor.logininfor.mapper.LogininforMapper.insertLogininfor - <==    Updates: 1
09:56:19.251 [pool-1-thread-1] INFO  com.ruoyi.framework.shiro.web.session.OnlineWebSessionManager - invalidation sessions...
09:56:19.287 [pool-1-thread-1] DEBUG com.ruoyi.project.monitor.online.mapper.UserOnlineMapper.selectOnlineByExpired - ==>  Preparing: SELECT * FROM sys_user_online o WHERE o.last_access_time <= ? ORDER BY o.last_access_time ASC 
09:56:19.287 [pool-1-thread-1] DEBUG com.ruoyi.project.monitor.online.mapper.UserOnlineMapper.selectOnlineByExpired - ==> Parameters: 2018-11-26 09:26:19(String)
09:56:19.288 [pool-1-thread-1] DEBUG com.ruoyi.project.monitor.online.mapper.UserOnlineMapper.selectOnlineByExpired - <==      Total: 0
09:56:19.289 [pool-1-thread-1] INFO  com.ruoyi.framework.shiro.web.session.OnlineWebSessionManager - Finished invalidation session. No sessions were stopped.
10:06:19.260 [pool-1-thread-1] INFO  com.ruoyi.framework.shiro.web.session.OnlineWebSessionManager - invalidation sessions...
10:06:19.315 [pool-1-thread-1] DEBUG com.ruoyi.project.monitor.online.mapper.UserOnlineMapper.selectOnlineByExpired - ==>  Preparing: SELECT * FROM sys_user_online o WHERE o.last_access_time <= ? ORDER BY o.last_access_time ASC 
10:06:19.316 [pool-1-thread-1] DEBUG com.ruoyi.project.monitor.online.mapper.UserOnlineMapper.selectOnlineByExpired - ==> Parameters: 2018-11-26 09:36:19(String)
10:06:19.319 [pool-1-thread-1] DEBUG com.ruoyi.project.monitor.online.mapper.UserOnlineMapper.selectOnlineByExpired - <==      Total: 0
10:06:19.331 [pool-1-thread-1] INFO  com.ruoyi.framework.shiro.web.session.OnlineWebSessionManager - Finished invalidation session. No sessions were stopped.
10:16:19.269 [pool-1-thread-1] INFO  com.ruoyi.framework.shiro.web.session.OnlineWebSessionManager - invalidation sessions...
10:16:19.311 [pool-1-thread-1] DEBUG com.ruoyi.project.monitor.online.mapper.UserOnlineMapper.selectOnlineByExpired - ==>  Preparing: SELECT * FROM sys_user_online o WHERE o.last_access_time <= ? ORDER BY o.last_access_time ASC 
10:16:19.316 [pool-1-thread-1] DEBUG com.ruoyi.project.monitor.online.mapper.UserOnlineMapper.selectOnlineByExpired - ==> Parameters: 2018-11-26 09:46:19(String)
10:16:19.346 [pool-1-thread-1] DEBUG com.ruoyi.project.monitor.online.mapper.UserOnlineMapper.selectOnlineByExpired - <==      Total: 0
10:16:19.348 [pool-1-thread-1] INFO  com.ruoyi.framework.shiro.web.session.OnlineWebSessionManager - Finished invalidation session. No sessions were stopped.
10:26:19.284 [pool-1-thread-1] INFO  com.ruoyi.framework.shiro.web.session.OnlineWebSessionManager - invalidation sessions...
10:26:19.339 [pool-1-thread-1] DEBUG com.ruoyi.project.monitor.online.mapper.UserOnlineMapper.selectOnlineByExpired - ==>  Preparing: SELECT * FROM sys_user_online o WHERE o.last_access_time <= ? ORDER BY o.last_access_time ASC 
10:26:19.340 [pool-1-thread-1] DEBUG com.ruoyi.project.monitor.online.mapper.UserOnlineMapper.selectOnlineByExpired - ==> Parameters: 2018-11-26 09:56:19(String)
10:26:19.353 [pool-1-thread-1] DEBUG com.ruoyi.project.monitor.online.mapper.UserOnlineMapper.selectOnlineByExpired - <==      Total: 0
10:26:19.354 [pool-1-thread-1] INFO  com.ruoyi.framework.shiro.web.session.OnlineWebSessionManager - Finished invalidation session. No sessions were stopped.
10:36:19.286 [pool-1-thread-1] INFO  com.ruoyi.framework.shiro.web.session.OnlineWebSessionManager - invalidation sessions...
10:36:19.345 [pool-1-thread-1] DEBUG com.ruoyi.project.monitor.online.mapper.UserOnlineMapper.selectOnlineByExpired - ==>  Preparing: SELECT * FROM sys_user_online o WHERE o.last_access_time <= ? ORDER BY o.last_access_time ASC 
10:36:19.347 [pool-1-thread-1] DEBUG com.ruoyi.project.monitor.online.mapper.UserOnlineMapper.selectOnlineByExpired - ==> Parameters: 2018-11-26 10:06:19(String)
10:36:19.349 [pool-1-thread-1] DEBUG com.ruoyi.project.monitor.online.mapper.UserOnlineMapper.selectOnlineByExpired - <==      Total: 0
10:36:19.350 [pool-1-thread-1] INFO  com.ruoyi.framework.shiro.web.session.OnlineWebSessionManager - Finished invalidation session. No sessions were stopped.
10:46:19.295 [pool-1-thread-1] INFO  com.ruoyi.framework.shiro.web.session.OnlineWebSessionManager - invalidation sessions...
10:46:19.318 [pool-1-thread-1] DEBUG com.ruoyi.project.monitor.online.mapper.UserOnlineMapper.selectOnlineByExpired - ==>  Preparing: SELECT * FROM sys_user_online o WHERE o.last_access_time <= ? ORDER BY o.last_access_time ASC 
10:46:19.320 [pool-1-thread-1] DEBUG com.ruoyi.project.monitor.online.mapper.UserOnlineMapper.selectOnlineByExpired - ==> Parameters: 2018-11-26 10:16:19(String)
10:46:19.322 [pool-1-thread-1] DEBUG com.ruoyi.project.monitor.online.mapper.UserOnlineMapper.selectOnlineByExpired - <==      Total: 0
10:46:19.323 [pool-1-thread-1] INFO  com.ruoyi.framework.shiro.web.session.OnlineWebSessionManager - Finished invalidation session. No sessions were stopped.
10:56:19.320 [pool-1-thread-1] INFO  com.ruoyi.framework.shiro.web.session.OnlineWebSessionManager - invalidation sessions...
10:56:19.339 [pool-1-thread-1] DEBUG com.ruoyi.project.monitor.online.mapper.UserOnlineMapper.selectOnlineByExpired - ==>  Preparing: SELECT * FROM sys_user_online o WHERE o.last_access_time <= ? ORDER BY o.last_access_time ASC 
10:56:19.340 [pool-1-thread-1] DEBUG com.ruoyi.project.monitor.online.mapper.UserOnlineMapper.selectOnlineByExpired - ==> Parameters: 2018-11-26 10:26:19(String)
10:56:19.343 [pool-1-thread-1] DEBUG com.ruoyi.project.monitor.online.mapper.UserOnlineMapper.selectOnlineByExpired - <==      Total: 0
10:56:19.344 [pool-1-thread-1] INFO  com.ruoyi.framework.shiro.web.session.OnlineWebSessionManager - Finished invalidation session. No sessions were stopped.
11:06:19.312 [pool-1-thread-1] INFO  com.ruoyi.framework.shiro.web.session.OnlineWebSessionManager - invalidation sessions...
11:06:19.418 [pool-1-thread-1] DEBUG com.ruoyi.project.monitor.online.mapper.UserOnlineMapper.selectOnlineByExpired - ==>  Preparing: SELECT * FROM sys_user_online o WHERE o.last_access_time <= ? ORDER BY o.last_access_time ASC 
11:06:19.419 [pool-1-thread-1] DEBUG com.ruoyi.project.monitor.online.mapper.UserOnlineMapper.selectOnlineByExpired - ==> Parameters: 2018-11-26 10:36:19(String)
11:06:19.421 [pool-1-thread-1] DEBUG com.ruoyi.project.monitor.online.mapper.UserOnlineMapper.selectOnlineByExpired - <==      Total: 0
11:06:19.422 [pool-1-thread-1] INFO  com.ruoyi.framework.shiro.web.session.OnlineWebSessionManager - Finished invalidation session. No sessions were stopped.
11:16:19.329 [pool-1-thread-1] INFO  com.ruoyi.framework.shiro.web.session.OnlineWebSessionManager - invalidation sessions...
11:16:19.347 [pool-1-thread-1] DEBUG com.ruoyi.project.monitor.online.mapper.UserOnlineMapper.selectOnlineByExpired - ==>  Preparing: SELECT * FROM sys_user_online o WHERE o.last_access_time <= ? ORDER BY o.last_access_time ASC 
11:16:19.348 [pool-1-thread-1] DEBUG com.ruoyi.project.monitor.online.mapper.UserOnlineMapper.selectOnlineByExpired - ==> Parameters: 2018-11-26 10:46:19(String)
11:16:19.350 [pool-1-thread-1] DEBUG com.ruoyi.project.monitor.online.mapper.UserOnlineMapper.selectOnlineByExpired - <==      Total: 0
11:16:19.352 [pool-1-thread-1] INFO  com.ruoyi.framework.shiro.web.session.OnlineWebSessionManager - Finished invalidation session. No sessions were stopped.
11:26:19.332 [pool-1-thread-1] INFO  com.ruoyi.framework.shiro.web.session.OnlineWebSessionManager - invalidation sessions...
11:26:19.336 [pool-1-thread-1] DEBUG com.ruoyi.project.monitor.online.mapper.UserOnlineMapper.selectOnlineByExpired - ==>  Preparing: SELECT * FROM sys_user_online o WHERE o.last_access_time <= ? ORDER BY o.last_access_time ASC 
11:26:19.337 [pool-1-thread-1] DEBUG com.ruoyi.project.monitor.online.mapper.UserOnlineMapper.selectOnlineByExpired - ==> Parameters: 2018-11-26 10:56:19(String)
11:26:19.339 [pool-1-thread-1] DEBUG com.ruoyi.project.monitor.online.mapper.UserOnlineMapper.selectOnlineByExpired - <==      Total: 0
11:26:19.340 [pool-1-thread-1] INFO  com.ruoyi.framework.shiro.web.session.OnlineWebSessionManager - Finished invalidation session. No sessions were stopped.
11:36:19.338 [pool-1-thread-1] INFO  com.ruoyi.framework.shiro.web.session.OnlineWebSessionManager - invalidation sessions...
11:36:19.387 [pool-1-thread-1] DEBUG com.ruoyi.project.monitor.online.mapper.UserOnlineMapper.selectOnlineByExpired - ==>  Preparing: SELECT * FROM sys_user_online o WHERE o.last_access_time <= ? ORDER BY o.last_access_time ASC 
11:36:19.388 [pool-1-thread-1] DEBUG com.ruoyi.project.monitor.online.mapper.UserOnlineMapper.selectOnlineByExpired - ==> Parameters: 2018-11-26 11:06:19(String)
11:36:19.397 [pool-1-thread-1] DEBUG com.ruoyi.project.monitor.online.mapper.UserOnlineMapper.selectOnlineByExpired - <==      Total: 0
11:36:19.398 [pool-1-thread-1] INFO  com.ruoyi.framework.shiro.web.session.OnlineWebSessionManager - Finished invalidation session. No sessions were stopped.
11:46:19.347 [pool-1-thread-1] INFO  com.ruoyi.framework.shiro.web.session.OnlineWebSessionManager - invalidation sessions...
11:46:19.371 [pool-1-thread-1] DEBUG com.ruoyi.project.monitor.online.mapper.UserOnlineMapper.selectOnlineByExpired - ==>  Preparing: SELECT * FROM sys_user_online o WHERE o.last_access_time <= ? ORDER BY o.last_access_time ASC 
11:46:19.377 [pool-1-thread-1] DEBUG com.ruoyi.project.monitor.online.mapper.UserOnlineMapper.selectOnlineByExpired - ==> Parameters: 2018-11-26 11:16:19(String)
11:46:19.399 [pool-1-thread-1] DEBUG com.ruoyi.project.monitor.online.mapper.UserOnlineMapper.selectOnlineByExpired - <==      Total: 0
11:46:19.401 [pool-1-thread-1] INFO  com.ruoyi.framework.shiro.web.session.OnlineWebSessionManager - Finished invalidation session. No sessions were stopped.
12:38:37.964 [pool-1-thread-1] INFO  com.ruoyi.framework.shiro.web.session.OnlineWebSessionManager - invalidation sessions...
12:38:38.140 [pool-1-thread-1] DEBUG com.ruoyi.project.monitor.online.mapper.UserOnlineMapper.selectOnlineByExpired - ==>  Preparing: SELECT * FROM sys_user_online o WHERE o.last_access_time <= ? ORDER BY o.last_access_time ASC 
12:38:38.140 [pool-1-thread-1] DEBUG com.ruoyi.project.monitor.online.mapper.UserOnlineMapper.selectOnlineByExpired - ==> Parameters: 2018-11-26 12:08:38(String)
12:38:38.215 [pool-1-thread-1] DEBUG com.ruoyi.project.monitor.online.mapper.UserOnlineMapper.selectOnlineByExpired - <==      Total: 0
12:38:38.224 [pool-1-thread-1] INFO  com.ruoyi.framework.shiro.web.session.OnlineWebSessionManager - Finished invalidation session. No sessions were stopped.
12:38:38.224 [pool-1-thread-1] INFO  com.ruoyi.framework.shiro.web.session.OnlineWebSessionManager - invalidation sessions...
12:38:38.582 [pool-1-thread-1] DEBUG com.ruoyi.project.monitor.online.mapper.UserOnlineMapper.selectOnlineByExpired - ==>  Preparing: SELECT * FROM sys_user_online o WHERE o.last_access_time <= ? ORDER BY o.last_access_time ASC 
12:38:38.582 [pool-1-thread-1] DEBUG com.ruoyi.project.monitor.online.mapper.UserOnlineMapper.selectOnlineByExpired - ==> Parameters: 2018-11-26 12:08:38(String)
12:38:38.583 [pool-1-thread-1] DEBUG com.ruoyi.project.monitor.online.mapper.UserOnlineMapper.selectOnlineByExpired - <==      Total: 0
12:38:38.583 [pool-1-thread-1] INFO  com.ruoyi.framework.shiro.web.session.OnlineWebSessionManager - Finished invalidation session. No sessions were stopped.
12:38:38.584 [pool-1-thread-1] INFO  com.ruoyi.framework.shiro.web.session.OnlineWebSessionManager - invalidation sessions...
12:38:40.550 [pool-1-thread-1] DEBUG com.ruoyi.project.monitor.online.mapper.UserOnlineMapper.selectOnlineByExpired - ==>  Preparing: SELECT * FROM sys_user_online o WHERE o.last_access_time <= ? ORDER BY o.last_access_time ASC 
12:38:40.569 [pool-1-thread-1] DEBUG com.ruoyi.project.monitor.online.mapper.UserOnlineMapper.selectOnlineByExpired - ==> Parameters: 2018-11-26 12:08:40(String)
12:38:40.569 [pool-1-thread-1] DEBUG com.ruoyi.project.monitor.online.mapper.UserOnlineMapper.selectOnlineByExpired - <==      Total: 0
12:38:40.570 [pool-1-thread-1] INFO  com.ruoyi.framework.shiro.web.session.OnlineWebSessionManager - Finished invalidation session. No sessions were stopped.
12:38:40.570 [pool-1-thread-1] INFO  com.ruoyi.framework.shiro.web.session.OnlineWebSessionManager - invalidation sessions...
12:38:40.772 [pool-1-thread-1] DEBUG com.ruoyi.project.monitor.online.mapper.UserOnlineMapper.selectOnlineByExpired - ==>  Preparing: SELECT * FROM sys_user_online o WHERE o.last_access_time <= ? ORDER BY o.last_access_time ASC 
12:38:40.773 [pool-1-thread-1] DEBUG com.ruoyi.project.monitor.online.mapper.UserOnlineMapper.selectOnlineByExpired - ==> Parameters: 2018-11-26 12:08:40(String)
12:38:40.774 [pool-1-thread-1] DEBUG com.ruoyi.project.monitor.online.mapper.UserOnlineMapper.selectOnlineByExpired - <==      Total: 0
12:38:40.790 [pool-1-thread-1] INFO  com.ruoyi.framework.shiro.web.session.OnlineWebSessionManager - Finished invalidation session. No sessions were stopped.
12:38:40.790 [pool-1-thread-1] INFO  com.ruoyi.framework.shiro.web.session.OnlineWebSessionManager - invalidation sessions...
12:38:40.929 [pool-1-thread-1] DEBUG com.ruoyi.project.monitor.online.mapper.UserOnlineMapper.selectOnlineByExpired - ==>  Preparing: SELECT * FROM sys_user_online o WHERE o.last_access_time <= ? ORDER BY o.last_access_time ASC 
12:38:41.009 [pool-1-thread-1] DEBUG com.ruoyi.project.monitor.online.mapper.UserOnlineMapper.selectOnlineByExpired - ==> Parameters: 2018-11-26 12:08:40(String)
12:38:41.010 [pool-1-thread-1] DEBUG com.ruoyi.project.monitor.online.mapper.UserOnlineMapper.selectOnlineByExpired - <==      Total: 0
12:38:41.010 [pool-1-thread-1] INFO  com.ruoyi.framework.shiro.web.session.OnlineWebSessionManager - Finished invalidation session. No sessions were stopped.
